<?xml version="1.0" encoding="UTF-8"?>
<!-- Generated by org.testng.reporters.JUnitReportReporter -->
<testsuite hostname="DESKTOP-B0J7BCE" failures="0" tests="3" name="testrunner.Login_with_DataTable" time="30.571" errors="0" timestamp="2024-03-19T15:51:40 IST" skipped="0">
  <testcase classname="testrunner.Login_with_DataTable" name="runScenario" time="8.005"/>
  <system-out/>
  <testcase classname="testrunner.Login_with_DataTable" name="runScenario" time="14.245"/>
  <system-out/>
  <testcase classname="testrunner.Login_with_DataTable" name="runScenario" time="8.321"/>
  <system-out/>
</testsuite> <!-- testrunner.Login_with_DataTable -->
