<?xml version="1.0" encoding="UTF-8"?>
<!-- Generated by org.testng.reporters.JUnitReportReporter -->
<testsuite hostname="DESKTOP-B0J7BCE" failures="0" tests="2" name="testrunner.LoginwithExcelData" time="128.918" errors="0" timestamp="2024-03-18T23:31:30 IST" skipped="0">
  <testcase classname="testrunner.LoginwithExcelData" name="runScenario" time="96.573"/>
  <system-out/>
  <testcase classname="testrunner.LoginwithExcelData" name="runScenario" time="32.345"/>
  <system-out/>
</testsuite> <!-- testrunner.LoginwithExcelData -->
