<?xml version="1.0" encoding="UTF-8"?>
<!-- Generated by org.testng.reporters.JUnitReportReporter -->
<testsuite hostname="DESKTOP-B0J7BCE" failures="0" tests="4" name="testrunner.LoginTestrunner" time="0.357" errors="0" timestamp="2023-08-14T11:42:59 IST" skipped="0">
  <testcase classname="testrunner.LoginTestrunner" name="runScenario" time="0.026"/>
  <system-out/>
  <testcase classname="testrunner.LoginTestrunner" name="runScenario" time="0.021"/>
  <system-out/>
  <testcase classname="testrunner.LoginTestrunner" name="runScenario" time="0.262"/>
  <system-out/>
  <testcase classname="testrunner.LoginTestrunner" name="runScenario" time="0.048"/>
  <system-out/>
</testsuite> <!-- testrunner.LoginTestrunner -->
