<?xml version="1.0" encoding="UTF-8"?>
<!-- Generated by org.testng.reporters.JUnitReportReporter -->
<testsuite hostname="DESKTOP-B0J7BCE" failures="0" tests="2" name="testrunner.Ddtstep" time="0.092" errors="0" timestamp="2023-08-14T10:32:21 IST" skipped="0">
  <testcase classname="testrunner.Ddtstep" name="runScenario" time="0.080"/>
  <system-out/>
  <testcase classname="testrunner.Ddtstep" name="runScenario" time="0.012"/>
  <system-out/>
</testsuite> <!-- testrunner.Ddtstep -->
