<?xml version="1.0" encoding="UTF-8"?>
<!-- Generated by org.testng.reporters.JUnitReportReporter -->
<testsuite hostname="DESKTOP-B0J7BCE" failures="0" tests="3" name="testrunner.Testrunner" time="47.603" errors="0" timestamp="2024-03-19T17:31:52 IST" skipped="0">
  <testcase classname="testrunner.Testrunner" name="runScenario" time="21.672"/>
  <system-out/>
  <testcase classname="testrunner.Testrunner" name="runScenario" time="13.004"/>
  <system-out/>
  <testcase classname="testrunner.Testrunner" name="runScenario" time="12.927"/>
  <system-out/>
</testsuite> <!-- testrunner.Testrunner -->
